Exp06-GUI Application/project/app/build/intermediates/manifest_merge_blame_file/debug/manifest-merger-blame-debug-report.txt
1<?xml version="1.0" encoding="utf-8"?>
2<manifest xmlns:android="http://schemas.android.com/apk/res/android"
3    package="com.shashank.platform.busbookingappui"
4    android:versionCode="1"
5    android:versionName="1.0" >
6
7    <uses-sdk
8        android:minSdkVersion="21"
8-->src\main\AndroidManifest.xml
9        android:targetSdkVersion="30" />
9-->src\main\AndroidManifest.xml
10
11    <application
11-->src\main\AndroidManifest.xml:6:5-41:19
12        android:allowBackup="true"
12-->src\main\AndroidManifest.xml:7:9-35
13        android:appComponentFactory="androidx.core.app.CoreComponentFactory"
13-->[androidx.core:core:1.5.0] AndroidManifest.xml:24:18-86
14        android:debuggable="true"
15        android:icon="@drawable/bus_booking_logo"
15-->src\main\AndroidManifest.xml:8:9-50
16        android:label="@string/app_name"
16-->src\main\AndroidManifest.xml:9:9-41
17        android:roundIcon="@drawable/bus_booking_round_logo"
17-->src\main\AndroidManifest.xml:10:9-61
18        android:supportsRtl="true"
18-->src\main\AndroidManifest.xml:11:9-35
19        android:testOnly="true"
20        android:theme="@style/AppTheme" >
20-->src\main\AndroidManifest.xml:12:9-40
21        <activity
21-->src\main\AndroidManifest.xml:14:9-26:20
22            android:name="com.shashank.platform.busbookingappui.MainActivity"
22-->src\main\AndroidManifest.xml:15:13-41
23            android:configChanges="orientation|screenSize"
23-->src\main\AndroidManifest.xml:16:13-59
24            android:label=""
24-->src\main\AndroidManifest.xml:17:13-29
25            android:screenOrientation="portrait"
25-->src\main\AndroidManifest.xml:18:13-49
26            android:theme="@style/AppTheme.NoActionBar"
26-->src\main\AndroidManifest.xml:19:13-56
27            android:windowSoftInputMode="stateHidden|adjustPan" >
27-->src\main\AndroidManifest.xml:20:13-64
28            <intent-filter>
28-->src\main\AndroidManifest.xml:21:13-25:29
29                <action android:name="android.intent.action.MAIN" />
29-->src\main\AndroidManifest.xml:22:17-69
29-->src\main\AndroidManifest.xml:22:25-66
30
31                <category android:name="android.intent.category.LAUNCHER" />
31-->src\main\AndroidManifest.xml:24:17-77
31-->src\main\AndroidManifest.xml:24:27-74
32            </intent-filter>
33        </activity>
34        <activity
34-->src\main\AndroidManifest.xml:27:9-33:67
35            android:name="com.shashank.platform.busbookingappui.Main2Activity"
35-->src\main\AndroidManifest.xml:28:13-42
36            android:configChanges="orientation|screenSize"
36-->src\main\AndroidManifest.xml:29:13-59
37            android:label=""
37-->src\main\AndroidManifest.xml:30:13-29
38            android:screenOrientation="portrait"
38-->src\main\AndroidManifest.xml:31:13-49
39            android:theme="@style/AppTheme.NoActionBar"
39-->src\main\AndroidManifest.xml:32:13-56
40            android:windowSoftInputMode="stateHidden|adjustPan" />
40-->src\main\AndroidManifest.xml:33:13-64
41        <activity
41-->src\main\AndroidManifest.xml:34:9-40:67
42            android:name="com.shashank.platform.busbookingappui.Main3Activity"
42-->src\main\AndroidManifest.xml:35:13-42
43            android:configChanges="orientation|screenSize"
43-->src\main\AndroidManifest.xml:36:13-59
44            android:label=""
44-->src\main\AndroidManifest.xml:37:13-29
45            android:screenOrientation="portrait"
45-->src\main\AndroidManifest.xml:38:13-49
46            android:theme="@style/AppTheme.NoActionBar"
46-->src\main\AndroidManifest.xml:39:13-56
47            android:windowSoftInputMode="stateHidden|adjustPan" />
47-->src\main\AndroidManifest.xml:40:13-64
48    </application>
49
50</manifest>